<?xml version="1.0" encoding="UTF-8"?>
<!-- Generated by org.testng.reporters.JUnitReportReporter -->
<testsuite skipped="0" hostname="DESKTOP-DV1F5AA" name="test.AddCatagoryTest" tests="1" failures="0" timestamp="06 Jul 2022 16:07:44 GMT" time="6.368" errors="0">
  <testcase name="userShouldBeAbleToAddACatagory" time="6.368" classname="test.AddCatagoryTest"/>
</testsuite> <!-- test.AddCatagoryTest -->
